


Tokenization Started!

1: Punctuator:    [33m<[0m
2: Identifier:    [96mmain[0m
3: Punctuator:    [33m>[0m
4: Keyword:       [34mimport[0m
5: Identifier:    [96mMath[0m
6: Keyword:       [34mas[0m
7: Identifier:    [96mMath[0m
8: Punctuator:    [33m;[0m
9: Keyword:       [34mimport[0m
10: Identifier:    [96mTool[0m
11: Keyword:       [34mas[0m
12: Identifier:    [96mT[0m
13: Keyword:       [34mfrom[0m
14: Punctuator:    [33m;[0m
15: Keyword:       [34mnamespace[0m
16: Identifier:    [96mVectorMath[0m
17: Punctuator:    [33m{[0m
18: Keyword:       [34mstruct[0m
19: Identifier:    [96mVector3[0m
20: Punctuator:    [33m<[0m
21: Identifier:    [96mT[0m
22: Punctuator:    [33m>[0m
23: Punctuator:    [33m{[0m
24: Identifier:    [96mT[0m
25: Identifier:    [96mx[0m
26: Punctuator:    [33m;[0m
27: Identifier:    [96mT[0m
28: Identifier:    [96my[0m
29: Punctuator:    [33m;[0m
30: Identifier:    [96mT[0m
31: Identifier:    [96mz[0m
32: Punctuator:    [33m;[0m
33: Punctuator:    [33m}[0m
34: Punctuator:    [33m;[0m
35: Keyword:       [34mclass[0m
36: Identifier:    [96mVector[0m
37: Punctuator:    [33m<[0m
38: Identifier:    [96mT[0m
39: Punctuator:    [33m>[0m
40: Punctuator:    [33m{[0m
41: Operator:      [37m@[0m
42: Identifier:    [96mpublic[0m
43: Keyword:       [34mstruct[0m
44: Punctuator:    [33m([0m
45: Identifier:    [96mVector3[0m
46: Punctuator:    [33m<[0m
47: Identifier:    [96mT[0m
48: Punctuator:    [33m>[0m
49: Punctuator:    [33m)[0m
50: Punctuator:    [33m;[0m
51: Keyword:       [34minit[0m
52: Punctuator:    [33m([0m
53: Identifier:    [96mT[0m
54: Identifier:    [96mx[0m
55: Punctuator:    [33m,[0m
56: Identifier:    [96mT[0m
57: Identifier:    [96my[0m
58: Punctuator:    [33m,[0m
59: Identifier:    [96mT[0m
60: Identifier:    [96mz[0m
61: Punctuator:    [33m)[0m
62: Punctuator:    [33m{[0m
63: Keyword:       [34mself[0m
64: Operator:      [37m.[0m
65: Identifier:    [96mx[0m
66: Operator:      [37m=[0m
67: Identifier:    [96mx[0m
68: Punctuator:    [33m;[0m
69: Keyword:       [34mself[0m
70: Operator:      [37m.[0m
71: Identifier:    [96my[0m
72: Operator:      [37m=[0m
73: Identifier:    [96my[0m
74: Punctuator:    [33m;[0m
75: Keyword:       [34mself[0m
76: Operator:      [37m.[0m
77: Identifier:    [96mz[0m
78: Operator:      [37m=[0m
79: Identifier:    [96mz[0m
80: Punctuator:    [33m;[0m
81: Punctuator:    [33m}[0m
82: Operator:      [37m~[0m
83: Keyword:       [34minit[0m
84: Punctuator:    [33m([0m
85: Punctuator:    [33m)[0m
86: Punctuator:    [33m{[0m
87: Identifier:    [96mfree[0m
88: Punctuator:    [33m([0m
89: Operator:      [37m&[0m
90: Keyword:       [34mself[0m
91: Operator:      [37m.[0m
92: Identifier:    [96mx[0m
93: Punctuator:    [33m,[0m
94: Operator:      [37m&[0m
95: Keyword:       [34mself[0m
96: Operator:      [37m.[0m
97: Identifier:    [96my[0m
98: Punctuator:    [33m,[0m
99: Operator:      [37m&[0m
100: Keyword:       [34mself[0m
101: Operator:      [37m.[0m
102: Identifier:    [96my[0m
103: Punctuator:    [33m)[0m
104: Punctuator:    [33m;[0m
105: Punctuator:    [33m}[0m
106: Operator:      [37m@[0m
107: Identifier:    [96minline[0m
108: Keyword:       [34mfn[0m
109: Identifier:    [96mmag[0m
110: Punctuator:    [33m([0m
111: Punctuator:    [33m)[0m
112: Keyword:       [34mfloat[0m
113: Operator:      [37m=>[0m
114: Identifier:    [96mMath[0m
115: Operator:      [37m::[0m
116: Identifier:    [96msqrt[0m
117: Punctuator:    [33m([0m
118: Keyword:       [34mself[0m
119: Operator:      [37m->[0m
120: Identifier:    [96mx[0m
121: Operator:      [37m**[0m
122: NumberLiteral: [35m2[0m
123: Operator:      [37m+[0m
124: Keyword:       [34mself[0m
125: Operator:      [37m->[0m
126: Identifier:    [96my[0m
127: Operator:      [37m**[0m
128: NumberLiteral: [35m2[0m
129: Operator:      [37m+[0m
130: Keyword:       [34mself[0m
131: Operator:      [37m->[0m
132: Identifier:    [96mz[0m
133: Operator:      [37m**[0m
134: NumberLiteral: [35m2[0m
135: Punctuator:    [33m)[0m
136: Keyword:       [34mfn[0m
137: Identifier:    [96mscale[0m
138: Punctuator:    [33m([0m
139: Identifier:    [96mT[0m
140: Identifier:    [96mscalar[0m
141: Operator:      [37m=[0m
142: NumberLiteral: [35m1[0m
143: Punctuator:    [33m)[0m
144: Identifier:    [96mVectorMath[0m
145: Operator:      [37m::[0m
146: Identifier:    [96mVector[0m
147: Punctuator:    [33m<[0m
148: Identifier:    [96mT[0m
149: Punctuator:    [33m>[0m
150: Operator:      [37m*[0m
151: Punctuator:    [33m{[0m
152: Keyword:       [34mself[0m
153: Operator:      [37m.[0m
154: Identifier:    [96mx[0m
155: Operator:      [37m*=[0m
156: Identifier:    [96mscalar[0m
157: Punctuator:    [33m;[0m
158: Keyword:       [34mself[0m
159: Operator:      [37m.[0m
160: Identifier:    [96my[0m
161: Operator:      [37m*=[0m
162: Identifier:    [96mscalar[0m
163: Punctuator:    [33m;[0m
164: Keyword:       [34mself[0m
165: Operator:      [37m.[0m
166: Identifier:    [96mz[0m
167: Operator:      [37m*=[0m
168: Identifier:    [96mscalar[0m
169: Punctuator:    [33m;[0m
170: Keyword:       [34mreturn[0m
171: Operator:      [37m&[0m
172: Keyword:       [34mthis[0m
173: Punctuator:    [33m;[0m
174: Punctuator:    [33m}[0m
175: Keyword:       [34mfn[0m
176: Identifier:    [96mnormalize[0m
177: Punctuator:    [33m([0m
178: Punctuator:    [33m)[0m
179: Identifier:    [96mVectorMath[0m
180: Operator:      [37m::[0m
181: Identifier:    [96mVector[0m
182: Punctuator:    [33m<[0m
183: Identifier:    [96mT[0m
184: Punctuator:    [33m>[0m
185: Punctuator:    [33m{[0m
186: Keyword:       [34mconst[0m
187: Identifier:    [96mT[0m
188: Identifier:    [96mm[0m
189: Operator:      [37m=[0m
190: Keyword:       [34mself[0m
191: Operator:      [37m->[0m
192: Identifier:    [96mmag[0m
193: Punctuator:    [33m([0m
194: Punctuator:    [33m)[0m
195: Punctuator:    [33m;[0m
196: Keyword:       [34mif[0m
197: Punctuator:    [33m([0m
198: Identifier:    [96mm[0m
199: Operator:      [37m==[0m
200: NumberLiteral: [35m0[0m
201: Punctuator:    [33m)[0m
202: Operator:      [37m=>[0m
203: Identifier:    [96mVectorMath[0m
204: Operator:      [37m::[0m
205: Identifier:    [96mVector[0m
206: Punctuator:    [33m<[0m
207: Identifier:    [96mT[0m
208: Punctuator:    [33m>[0m
209: Punctuator:    [33m([0m
210: NumberLiteral: [35m0[0m
211: Punctuator:    [33m,[0m
212: NumberLiteral: [35m0[0m
213: Punctuator:    [33m,[0m
214: NumberLiteral: [35m0[0m
215: Punctuator:    [33m)[0m
216: Punctuator:    [33m;[0m
217: Keyword:       [34mreturn[0m
218: Identifier:    [96mVectorMath[0m
219: Operator:      [37m::[0m
220: Identifier:    [96mVector[0m
221: Punctuator:    [33m<[0m
222: Identifier:    [96mT[0m
223: Punctuator:    [33m>[0m
224: Punctuator:    [33m([0m
225: Keyword:       [34mself[0m
226: Operator:      [37m.[0m
227: Identifier:    [96mx[0m
228: Operator:      [37m/[0m
229: Identifier:    [96mm[0m
230: Punctuator:    [33m,[0m
231: Keyword:       [34mself[0m
232: Operator:      [37m.[0m
233: Identifier:    [96my[0m
234: Operator:      [37m/[0m
235: Identifier:    [96mm[0m
236: Punctuator:    [33m,[0m
237: Keyword:       [34mself[0m
238: Operator:      [37m.[0m
239: Identifier:    [96mz[0m
240: Operator:      [37m/[0m
241: Identifier:    [96mm[0m
242: Punctuator:    [33m)[0m
243: Punctuator:    [33m;[0m
244: Punctuator:    [33m}[0m
245: Operator:      [37m@[0m
246: Identifier:    [96mstatic[0m
247: Keyword:       [34mfn[0m
248: Identifier:    [96mdot[0m
249: Punctuator:    [33m<[0m
250: Identifier:    [96mT[0m
251: Punctuator:    [33m>[0m
252: Punctuator:    [33m([0m
253: Identifier:    [96mVectorMath[0m
254: Operator:      [37m::[0m
255: Identifier:    [96mVector[0m
256: Punctuator:    [33m<[0m
257: Identifier:    [96mT[0m
258: Punctuator:    [33m>[0m
259: Identifier:    [96ma[0m
260: Punctuator:    [33m,[0m
261: Identifier:    [96mVectorMath[0m
262: Operator:      [37m::[0m
263: Identifier:    [96mVector[0m
264: Punctuator:    [33m<[0m
265: Identifier:    [96mT[0m
266: Punctuator:    [33m>[0m
267: Identifier:    [96mb[0m
268: Punctuator:    [33m)[0m
269: Identifier:    [96mT[0m
270: Operator:      [37m=>[0m
271: Punctuator:    [33m([0m
272: Identifier:    [96ma[0m
273: Operator:      [37m.[0m
274: Identifier:    [96mx[0m
275: Operator:      [37m*[0m
276: Identifier:    [96mb[0m
277: Operator:      [37m.[0m
278: Identifier:    [96mx[0m
279: Operator:      [37m+[0m
280: Identifier:    [96ma[0m
281: Operator:      [37m.[0m
282: Identifier:    [96my[0m
283: Operator:      [37m*[0m
284: Identifier:    [96mb[0m
285: Operator:      [37m.[0m
286: Identifier:    [96my[0m
287: Operator:      [37m+[0m
288: Identifier:    [96ma[0m
289: Operator:      [37m.[0m
290: Identifier:    [96mz[0m
291: Operator:      [37m*[0m
292: Identifier:    [96mb[0m
293: Operator:      [37m.[0m
294: Identifier:    [96mz[0m
295: Punctuator:    [33m)[0m
296: Operator:      [37m@[0m
297: Identifier:    [96mstatic[0m
298: Keyword:       [34mfn[0m
299: Identifier:    [96mcross[0m
300: Punctuator:    [33m<[0m
301: Identifier:    [96mT[0m
302: Punctuator:    [33m>[0m
303: Punctuator:    [33m([0m
304: Identifier:    [96mVectorMath[0m
305: Operator:      [37m::[0m
306: Identifier:    [96mVector[0m
307: Punctuator:    [33m<[0m
308: Identifier:    [96mT[0m
309: Punctuator:    [33m>[0m
310: Identifier:    [96ma[0m
311: Punctuator:    [33m,[0m
312: Identifier:    [96mVectorMath[0m
313: Operator:      [37m::[0m
314: Identifier:    [96mVector[0m
315: Punctuator:    [33m<[0m
316: Identifier:    [96mT[0m
317: Punctuator:    [33m>[0m
318: Identifier:    [96mb[0m
319: Punctuator:    [33m)[0m
320: Identifier:    [96mVectorMath[0m
321: Operator:      [37m::[0m
322: Identifier:    [96mVector[0m
323: Punctuator:    [33m<[0m
324: Identifier:    [96mT[0m
325: Punctuator:    [33m>[0m
326: Operator:      [37m=>[0m
327: Identifier:    [96mVectorMath[0m
328: Operator:      [37m::[0m
329: Identifier:    [96mVector[0m
330: Punctuator:    [33m<[0m
331: Identifier:    [96mT[0m
332: Punctuator:    [33m>[0m
333: Punctuator:    [33m([0m
334: Identifier:    [96ma[0m
335: Operator:      [37m.[0m
336: Identifier:    [96my[0m
337: Operator:      [37m*[0m
338: Identifier:    [96mb[0m
339: Operator:      [37m.[0m
340: Identifier:    [96mz[0m
341: Operator:      [37m-[0m
342: Identifier:    [96ma[0m
343: Operator:      [37m.[0m
344: Identifier:    [96mz[0m
345: Operator:      [37m*[0m
346: Identifier:    [96mb[0m
347: Operator:      [37m.[0m
348: Identifier:    [96my[0m
349: Punctuator:    [33m,[0m
350: Identifier:    [96ma[0m
351: Operator:      [37m.[0m
352: Identifier:    [96mz[0m
353: Operator:      [37m*[0m
354: Identifier:    [96mb[0m
355: Operator:      [37m.[0m
356: Identifier:    [96mx[0m
357: Operator:      [37m-[0m
358: Identifier:    [96ma[0m
359: Operator:      [37m.[0m
360: Identifier:    [96mx[0m
361: Operator:      [37m*[0m
362: Identifier:    [96mb[0m
363: Operator:      [37m.[0m
364: Identifier:    [96mz[0m
365: Punctuator:    [33m,[0m
366: Identifier:    [96ma[0m
367: Operator:      [37m.[0m
368: Identifier:    [96mx[0m
369: Operator:      [37m*[0m
370: Identifier:    [96mb[0m
371: Operator:      [37m.[0m
372: Identifier:    [96my[0m
373: Operator:      [37m-[0m
374: Identifier:    [96ma[0m
375: Operator:      [37m.[0m
376: Identifier:    [96my[0m
377: Operator:      [37m*[0m
378: Identifier:    [96mb[0m
379: Operator:      [37m.[0m
380: Identifier:    [96mx[0m
381: Punctuator:    [33m)[0m
382: Operator:      [37m@[0m
383: Identifier:    [96minline[0m
384: Keyword:       [34mfn[0m
385: Identifier:    [96mtoString[0m
386: Punctuator:    [33m([0m
387: Punctuator:    [33m)[0m
388: Keyword:       [34mstring[0m
389: Operator:      [37m=>[0m
390: StringLiteral: [32m"Vector("[0m
391: Operator:      [37m+[0m
392: Keyword:       [34msystem[0m
393: Operator:      [37m::[0m
394: Identifier:    [96mto_string[0m
395: Punctuator:    [33m([0m
396: Keyword:       [34mself[0m
397: Operator:      [37m.[0m
398: Identifier:    [96mx[0m
399: Punctuator:    [33m)[0m
400: Operator:      [37m+[0m
401: StringLiteral: [32m", "[0m
402: Operator:      [37m+[0m
403: Keyword:       [34msystem[0m
404: Operator:      [37m::[0m
405: Identifier:    [96mto_string[0m
406: Punctuator:    [33m([0m
407: Keyword:       [34mself[0m
408: Operator:      [37m.[0m
409: Identifier:    [96my[0m
410: Punctuator:    [33m)[0m
411: Operator:      [37m+[0m
412: StringLiteral: [32m", "[0m
413: Operator:      [37m+[0m
414: Keyword:       [34msystem[0m
415: Operator:      [37m::[0m
416: Identifier:    [96mto_string[0m
417: Punctuator:    [33m([0m
418: Keyword:       [34mself[0m
419: Operator:      [37m.[0m
420: Identifier:    [96mz[0m
421: Punctuator:    [33m)[0m
422: Operator:      [37m+[0m
423: StringLiteral: [32m")"[0m
424: Punctuator:    [33m}[0m
425: Punctuator:    [33m;[0m
426: Operator:      [37m@[0m
427: Identifier:    [96minline[0m
428: Keyword:       [34mfn[0m
429: Identifier:    [96mlerp[0m
430: Punctuator:    [33m<[0m
431: Identifier:    [96mT[0m
432: Punctuator:    [33m>[0m
433: Punctuator:    [33m([0m
434: Identifier:    [96mVector[0m
435: Punctuator:    [33m<[0m
436: Identifier:    [96mT[0m
437: Punctuator:    [33m>[0m
438: Identifier:    [96ma[0m
439: Punctuator:    [33m,[0m
440: Identifier:    [96mVector[0m
441: Punctuator:    [33m<[0m
442: Identifier:    [96mT[0m
443: Punctuator:    [33m>[0m
444: Identifier:    [96mb[0m
445: Punctuator:    [33m,[0m
446: Identifier:    [96mT[0m
447: Identifier:    [96mt[0m
448: Punctuator:    [33m)[0m
449: Identifier:    [96mVector[0m
450: Punctuator:    [33m<[0m
451: Identifier:    [96mT[0m
452: Punctuator:    [33m>[0m
453: Operator:      [37m=>[0m
454: Identifier:    [96mVector[0m
455: Punctuator:    [33m<[0m
456: Identifier:    [96mT[0m
457: Punctuator:    [33m>[0m
458: Punctuator:    [33m([0m
459: Identifier:    [96ma[0m
460: Operator:      [37m.[0m
461: Identifier:    [96mx[0m
462: Operator:      [37m+[0m
463: Punctuator:    [33m([0m
464: Identifier:    [96mb[0m
465: Operator:      [37m.[0m
466: Identifier:    [96mx[0m
467: Operator:      [37m-[0m
468: Identifier:    [96ma[0m
469: Operator:      [37m.[0m
470: Identifier:    [96mx[0m
471: Punctuator:    [33m)[0m
472: Operator:      [37m*[0m
473: Identifier:    [96mt[0m
474: Punctuator:    [33m,[0m
475: Identifier:    [96ma[0m
476: Operator:      [37m.[0m
477: Identifier:    [96my[0m
478: Operator:      [37m+[0m
479: Punctuator:    [33m([0m
480: Identifier:    [96mb[0m
481: Operator:      [37m.[0m
482: Identifier:    [96my[0m
483: Operator:      [37m-[0m
484: Identifier:    [96ma[0m
485: Operator:      [37m.[0m
486: Identifier:    [96my[0m
487: Punctuator:    [33m)[0m
488: Operator:      [37m*[0m
489: Identifier:    [96mt[0m
490: Punctuator:    [33m,[0m
491: Identifier:    [96ma[0m
492: Operator:      [37m.[0m
493: Identifier:    [96mz[0m
494: Operator:      [37m+[0m
495: Punctuator:    [33m([0m
496: Identifier:    [96mb[0m
497: Operator:      [37m.[0m
498: Identifier:    [96mz[0m
499: Operator:      [37m-[0m
500: Identifier:    [96ma[0m
501: Operator:      [37m.[0m
502: Identifier:    [96mz[0m
503: Punctuator:    [33m)[0m
504: Operator:      [37m*[0m
505: Identifier:    [96mt[0m
506: Punctuator:    [33m)[0m
507: Punctuator:    [33m;[0m
508: Operator:      [37m@[0m
509: Identifier:    [96minline[0m
510: Keyword:       [34mfn[0m
511: Identifier:    [96mmake_pair[0m
512: Punctuator:    [33m<[0m
513: Identifier:    [96mT[0m
514: Punctuator:    [33m>[0m
515: Punctuator:    [33m([0m
516: Identifier:    [96mVector[0m
517: Punctuator:    [33m<[0m
518: Identifier:    [96mT[0m
519: Punctuator:    [33m>[0m
520: Identifier:    [96ma[0m
521: Punctuator:    [33m,[0m
522: Identifier:    [96mVector[0m
523: Punctuator:    [33m<[0m
524: Identifier:    [96mT[0m
525: Punctuator:    [33m>[0m
526: Identifier:    [96mb[0m
527: Punctuator:    [33m)[0m
528: Identifier:    [96mVector[0m
529: Punctuator:    [33m<[0m
530: Identifier:    [96mT[0m
531: Punctuator:    [33m>[0m
532: Punctuator:    [33m([0m
533: NumberLiteral: [35m2[0m
534: Punctuator:    [33m)[0m
535: Operator:      [37m=>[0m
536: Operator:      [37m$[0m
537: Punctuator:    [33m([0m
538: Identifier:    [96ma[0m
539: Punctuator:    [33m,[0m
540: Identifier:    [96mb[0m
541: Punctuator:    [33m)[0m
542: Punctuator:    [33m;[0m
543: Punctuator:    [33m}[0m
544: Punctuator:    [33m;[0m
545: Operator:      [37m@[0m
546: Identifier:    [96moperator[0m
547: Operator:      [37m+[0m
548: Punctuator:    [33m<[0m
549: Identifier:    [96mT[0m
550: Punctuator:    [33m>[0m
551: Punctuator:    [33m([0m
552: Identifier:    [96mVectorMath[0m
553: Operator:      [37m::[0m
554: Identifier:    [96mVector[0m
555: Punctuator:    [33m<[0m
556: Identifier:    [96mT[0m
557: Punctuator:    [33m>[0m
558: Identifier:    [96ma[0m
559: Punctuator:    [33m,[0m
560: Identifier:    [96mVectorMath[0m
561: Operator:      [37m::[0m
562: Identifier:    [96mVector[0m
563: Punctuator:    [33m<[0m
564: Identifier:    [96mT[0m
565: Punctuator:    [33m>[0m
566: Identifier:    [96mb[0m
567: Punctuator:    [33m)[0m
568: Identifier:    [96mVectorMath[0m
569: Operator:      [37m::[0m
570: Identifier:    [96mVector[0m
571: Punctuator:    [33m<[0m
572: Identifier:    [96mT[0m
573: Punctuator:    [33m>[0m
574: Operator:      [37m=>[0m
575: Identifier:    [96mVectorMath[0m
576: Operator:      [37m::[0m
577: Identifier:    [96mVector[0m
578: Punctuator:    [33m<[0m
579: Identifier:    [96mT[0m
580: Punctuator:    [33m>[0m
581: Punctuator:    [33m([0m
582: Identifier:    [96ma[0m
583: Operator:      [37m.[0m
584: Identifier:    [96mx[0m
585: Operator:      [37m+[0m
586: Identifier:    [96mb[0m
587: Operator:      [37m.[0m
588: Identifier:    [96mx[0m
589: Punctuator:    [33m,[0m
590: Identifier:    [96ma[0m
591: Operator:      [37m.[0m
592: Identifier:    [96my[0m
593: Operator:      [37m+[0m
594: Identifier:    [96mb[0m
595: Operator:      [37m.[0m
596: Identifier:    [96my[0m
597: Punctuator:    [33m,[0m
598: Identifier:    [96ma[0m
599: Operator:      [37m.[0m
600: Identifier:    [96mz[0m
601: Operator:      [37m+[0m
602: Identifier:    [96mb[0m
603: Operator:      [37m.[0m
604: Identifier:    [96mz[0m
605: Punctuator:    [33m)[0m
606: Punctuator:    [33m;[0m
607: Operator:      [37m@[0m
608: Identifier:    [96moperator[0m
609: Operator:      [37m-[0m
610: Punctuator:    [33m<[0m
611: Identifier:    [96mT[0m
612: Punctuator:    [33m>[0m
613: Punctuator:    [33m([0m
614: Identifier:    [96mVectorMath[0m
615: Operator:      [37m::[0m
616: Identifier:    [96mVector[0m
617: Punctuator:    [33m<[0m
618: Identifier:    [96mT[0m
619: Punctuator:    [33m>[0m
620: Identifier:    [96ma[0m
621: Punctuator:    [33m,[0m
622: Identifier:    [96mVectorMath[0m
623: Operator:      [37m::[0m
624: Identifier:    [96mVector[0m
625: Punctuator:    [33m<[0m
626: Identifier:    [96mT[0m
627: Punctuator:    [33m>[0m
628: Identifier:    [96mb[0m
629: Punctuator:    [33m)[0m
630: Identifier:    [96mVectorMath[0m
631: Operator:      [37m::[0m
632: Identifier:    [96mVector[0m
633: Punctuator:    [33m<[0m
634: Identifier:    [96mT[0m
635: Punctuator:    [33m>[0m
636: Operator:      [37m=>[0m
637: Identifier:    [96mVectorMath[0m
638: Operator:      [37m::[0m
639: Identifier:    [96mVector[0m
640: Punctuator:    [33m<[0m
641: Identifier:    [96mT[0m
642: Punctuator:    [33m>[0m
643: Punctuator:    [33m([0m
644: Identifier:    [96ma[0m
645: Operator:      [37m.[0m
646: Identifier:    [96mx[0m
647: Operator:      [37m-[0m
648: Identifier:    [96mb[0m
649: Operator:      [37m.[0m
650: Identifier:    [96mx[0m
651: Punctuator:    [33m,[0m
652: Identifier:    [96ma[0m
653: Operator:      [37m.[0m
654: Identifier:    [96my[0m
655: Operator:      [37m-[0m
656: Identifier:    [96mb[0m
657: Operator:      [37m.[0m
658: Identifier:    [96my[0m
659: Punctuator:    [33m,[0m
660: Identifier:    [96ma[0m
661: Operator:      [37m.[0m
662: Identifier:    [96mz[0m
663: Operator:      [37m-[0m
664: Identifier:    [96mb[0m
665: Operator:      [37m.[0m
666: Identifier:    [96mz[0m
667: Punctuator:    [33m)[0m
668: Punctuator:    [33m;[0m
669: Operator:      [37m@[0m
670: Identifier:    [96moperator[0m
671: Operator:      [37m*[0m
672: Punctuator:    [33m<[0m
673: Identifier:    [96mT[0m
674: Punctuator:    [33m>[0m
675: Punctuator:    [33m([0m
676: Identifier:    [96mVectorMath[0m
677: Operator:      [37m::[0m
678: Identifier:    [96mVector[0m
679: Punctuator:    [33m<[0m
680: Identifier:    [96mT[0m
681: Punctuator:    [33m>[0m
682: Identifier:    [96ma[0m
683: Punctuator:    [33m,[0m
684: Identifier:    [96mT[0m
685: Identifier:    [96ms[0m
686: Punctuator:    [33m)[0m
687: Identifier:    [96mVectorMath[0m
688: Operator:      [37m::[0m
689: Identifier:    [96mVector[0m
690: Punctuator:    [33m<[0m
691: Identifier:    [96mT[0m
692: Punctuator:    [33m>[0m
693: Operator:      [37m=>[0m
694: Identifier:    [96mVectorMath[0m
695: Operator:      [37m::[0m
696: Identifier:    [96mVector[0m
697: Punctuator:    [33m<[0m
698: Identifier:    [96mT[0m
699: Punctuator:    [33m>[0m
700: Punctuator:    [33m([0m
701: Identifier:    [96ma[0m
702: Operator:      [37m.[0m
703: Identifier:    [96mx[0m
704: Operator:      [37m*[0m
705: Identifier:    [96ms[0m
706: Punctuator:    [33m,[0m
707: Identifier:    [96ma[0m
708: Operator:      [37m.[0m
709: Identifier:    [96my[0m
710: Operator:      [37m*[0m
711: Identifier:    [96ms[0m
712: Punctuator:    [33m,[0m
713: Identifier:    [96ma[0m
714: Operator:      [37m.[0m
715: Identifier:    [96mz[0m
716: Operator:      [37m*[0m
717: Identifier:    [96ms[0m
718: Punctuator:    [33m)[0m
719: Punctuator:    [33m;[0m
720: Operator:      [37m@[0m
721: Identifier:    [96moperator[0m
722: Operator:      [37m..[0m
723: Punctuator:    [33m<[0m
724: Identifier:    [96mT[0m
725: Punctuator:    [33m>[0m
726: Punctuator:    [33m([0m
727: Identifier:    [96mVectorMath[0m
728: Operator:      [37m::[0m
729: Identifier:    [96mVector[0m
730: Punctuator:    [33m<[0m
731: Identifier:    [96mT[0m
732: Punctuator:    [33m>[0m
733: Identifier:    [96ma[0m
734: Punctuator:    [33m,[0m
735: Identifier:    [96mVectorMath[0m
736: Operator:      [37m::[0m
737: Identifier:    [96mVector[0m
738: Punctuator:    [33m<[0m
739: Identifier:    [96mT[0m
740: Punctuator:    [33m>[0m
741: Identifier:    [96mb[0m
742: Punctuator:    [33m)[0m
743: Identifier:    [96mT[0m
744: Operator:      [37m=>[0m
745: Identifier:    [96mVectorMath[0m
746: Operator:      [37m::[0m
747: Identifier:    [96mVector[0m
748: Operator:      [37m::[0m
749: Identifier:    [96mdot[0m
750: Punctuator:    [33m<[0m
751: Identifier:    [96mT[0m
752: Punctuator:    [33m>[0m
753: Punctuator:    [33m([0m
754: Identifier:    [96ma[0m
755: Punctuator:    [33m,[0m
756: Identifier:    [96mb[0m
757: Punctuator:    [33m)[0m
758: Punctuator:    [33m;[0m
759: Operator:      [37m@[0m
760: Identifier:    [96moperator[0m
761: Operator:      [37m==[0m
762: Punctuator:    [33m<[0m
763: Identifier:    [96mT[0m
764: Punctuator:    [33m>[0m
765: Punctuator:    [33m([0m
766: Identifier:    [96mVectorMath[0m
767: Operator:      [37m::[0m
768: Identifier:    [96mVector[0m
769: Punctuator:    [33m<[0m
770: Identifier:    [96mT[0m
771: Punctuator:    [33m>[0m
772: Identifier:    [96ma[0m
773: Punctuator:    [33m,[0m
774: Identifier:    [96mVectorMath[0m
775: Operator:      [37m::[0m
776: Identifier:    [96mVector[0m
777: Punctuator:    [33m<[0m
778: Identifier:    [96mT[0m
779: Punctuator:    [33m>[0m
780: Identifier:    [96mb[0m
781: Punctuator:    [33m)[0m
782: Keyword:       [34mbool[0m
783: Operator:      [37m=>[0m
784: Identifier:    [96ma[0m
785: Operator:      [37m.[0m
786: Identifier:    [96mx[0m
787: Operator:      [37m==[0m
788: Identifier:    [96mb[0m
789: Operator:      [37m.[0m
790: Identifier:    [96mx[0m
791: Operator:      [37m&&[0m
792: Identifier:    [96ma[0m
793: Operator:      [37m.[0m
794: Identifier:    [96my[0m
795: Operator:      [37m==[0m
796: Identifier:    [96mb[0m
797: Operator:      [37m.[0m
798: Identifier:    [96my[0m
799: Operator:      [37m&&[0m
800: Identifier:    [96ma[0m
801: Operator:      [37m.[0m
802: Identifier:    [96mz[0m
803: Operator:      [37m==[0m
804: Identifier:    [96mb[0m
805: Operator:      [37m.[0m
806: Identifier:    [96mz[0m
807: Punctuator:    [33m;[0m
808: Keyword:       [34mlet[0m
809: Identifier:    [96mVector[0m
810: Punctuator:    [33m<[0m
811: Keyword:       [34mfloat[0m
812: Punctuator:    [33m>[0m
813: Identifier:    [96mA[0m
814: Operator:      [37m=[0m
815: Identifier:    [96mVector[0m
816: Punctuator:    [33m<[0m
817: Keyword:       [34mfloat[0m
818: Punctuator:    [33m>[0m
819: Punctuator:    [33m([0m
820: NumberLiteral: [35m1.0[0m
821: Punctuator:    [33m,[0m
822: NumberLiteral: [35m0.0[0m
823: Punctuator:    [33m,[0m
824: NumberLiteral: [35m0.0[0m
825: Punctuator:    [33m)[0m
826: Punctuator:    [33m;[0m
827: Keyword:       [34mlet[0m
828: Identifier:    [96mVector[0m
829: Punctuator:    [33m<[0m
830: Keyword:       [34mfloat[0m
831: Punctuator:    [33m>[0m
832: Identifier:    [96mB[0m
833: Operator:      [37m=[0m
834: Identifier:    [96mVector[0m
835: Punctuator:    [33m<[0m
836: Keyword:       [34mfloat[0m
837: Punctuator:    [33m>[0m
838: Punctuator:    [33m([0m
839: NumberLiteral: [35m0.0[0m
840: Punctuator:    [33m,[0m
841: NumberLiteral: [35m1.0[0m
842: Punctuator:    [33m,[0m
843: NumberLiteral: [35m0.0[0m
844: Punctuator:    [33m)[0m
845: Punctuator:    [33m;[0m
846: Keyword:       [34mlet[0m
847: Identifier:    [96mVector[0m
848: Punctuator:    [33m<[0m
849: Keyword:       [34mfloat[0m
850: Punctuator:    [33m>[0m
851: Identifier:    [96mC[0m
852: Operator:      [37m=[0m
853: Identifier:    [96mA[0m
854: Operator:      [37m+[0m
855: Identifier:    [96mB[0m
856: Punctuator:    [33m;[0m
857: Keyword:       [34mlet[0m
858: Keyword:       [34mfloat[0m
859: Identifier:    [96mD[0m
860: Operator:      [37m=[0m
861: Identifier:    [96mA[0m
862: Operator:      [37m..[0m
863: Identifier:    [96mB[0m
864: Punctuator:    [33m;[0m
865: Keyword:       [34mlet[0m
866: Identifier:    [96mVector[0m
867: Punctuator:    [33m<[0m
868: Keyword:       [34mfloat[0m
869: Punctuator:    [33m>[0m
870: Identifier:    [96mE[0m
871: Operator:      [37m=[0m
872: Identifier:    [96mVector[0m
873: Operator:      [37m::[0m
874: Identifier:    [96mcross[0m
875: Punctuator:    [33m<[0m
876: Keyword:       [34mfloat[0m
877: Punctuator:    [33m>[0m
878: Punctuator:    [33m([0m
879: Identifier:    [96mA[0m
880: Punctuator:    [33m,[0m
881: Identifier:    [96mB[0m
882: Punctuator:    [33m)[0m
883: Punctuator:    [33m;[0m
884: Keyword:       [34mlet[0m
885: Identifier:    [96mVector[0m
886: Punctuator:    [33m<[0m
887: Keyword:       [34mfloat[0m
888: Punctuator:    [33m>[0m
889: Punctuator:    [33m([0m
890: NumberLiteral: [35m2[0m
891: Punctuator:    [33m)[0m
892: Identifier:    [96mF[0m
893: Operator:      [37m=[0m
894: Identifier:    [96mmake_pair[0m
895: Punctuator:    [33m([0m
896: Identifier:    [96mA[0m
897: Punctuator:    [33m,[0m
898: Identifier:    [96mB[0m
899: Punctuator:    [33m)[0m
900: Punctuator:    [33m;[0m
901: Keyword:       [34mlet[0m
902: Keyword:       [34mbool[0m
903: Identifier:    [96msame[0m
904: Operator:      [37m=[0m
905: Punctuator:    [33m([0m
906: Identifier:    [96mA[0m
907: Operator:      [37m==[0m
908: Identifier:    [96mB[0m
909: Punctuator:    [33m)[0m
910: Punctuator:    [33m;[0m
911: Keyword:       [34mlet[0m
912: Identifier:    [96mVector[0m
913: Punctuator:    [33m<[0m
914: Keyword:       [34mfloat[0m
915: Punctuator:    [33m>[0m
916: Operator:      [37m*[0m
917: Identifier:    [96mptr[0m
918: Operator:      [37m=[0m
919: Keyword:       [34mnew[0m
920: Identifier:    [96mVector[0m
921: Punctuator:    [33m<[0m
922: Keyword:       [34mfloat[0m
923: Punctuator:    [33m>[0m
924: Punctuator:    [33m([0m
925: NumberLiteral: [35m3.0[0m
926: Punctuator:    [33m,[0m
927: NumberLiteral: [35m4.0[0m
928: Punctuator:    [33m,[0m
929: NumberLiteral: [35m5.0[0m
930: Punctuator:    [33m)[0m
931: Punctuator:    [33m;[0m
932: Keyword:       [34mlet[0m
933: Identifier:    [96mVector[0m
934: Punctuator:    [33m<[0m
935: Keyword:       [34mfloat[0m
936: Punctuator:    [33m>[0m
937: Punctuator:    [33m[[0m
938: Punctuator:    [33m][0m
939: Identifier:    [96marr[0m
940: Operator:      [37m=[0m
941: Punctuator:    [33m[[0m
942: Identifier:    [96mA[0m
943: Punctuator:    [33m,[0m
944: Identifier:    [96mB[0m
945: Punctuator:    [33m,[0m
946: Identifier:    [96mC[0m
947: Punctuator:    [33m][0m
948: Punctuator:    [33m;[0m
949: Keyword:       [34mfn[0m
950: Identifier:    [96msum_mag[0m
951: Punctuator:    [33m([0m
952: Identifier:    [96mVector[0m
953: Punctuator:    [33m<[0m
954: Keyword:       [34mfloat[0m
955: Punctuator:    [33m>[0m
956: Punctuator:    [33m[[0m
957: Punctuator:    [33m][0m
958: Identifier:    [96mlist[0m
959: Punctuator:    [33m)[0m
960: Keyword:       [34mfloat[0m
961: Punctuator:    [33m{[0m
962: Keyword:       [34mlet[0m
963: Keyword:       [34mfloat[0m
964: Identifier:    [96macc[0m
965: Operator:      [37m=[0m
966: NumberLiteral: [35m0[0m
967: Punctuator:    [33m;[0m
968: Keyword:       [34mfor[0m
969: Punctuator:    [33m([0m
970: Keyword:       [34mint[0m
971: Identifier:    [96mi[0m
972: Operator:      [37m=[0m
973: NumberLiteral: [35m0[0m
974: Punctuator:    [33m;[0m
975: Identifier:    [96mi[0m
976: Operator:      [37m-+[0m
977: Identifier:    [96mlist[0m
978: Operator:      [37m.[0m
979: Identifier:    [96mlength[0m
980: Punctuator:    [33m;[0m
981: Identifier:    [96mi[0m
982: Operator:      [37m++[0m
983: Punctuator:    [33m)[0m
984: Punctuator:    [33m{[0m
985: Identifier:    [96macc[0m
986: Operator:      [37m+=[0m
987: Identifier:    [96mlist[0m
988: Punctuator:    [33m[[0m
989: Identifier:    [96mi[0m
990: Punctuator:    [33m][0m
991: Operator:      [37m.[0m
992: Identifier:    [96mmag[0m
993: Punctuator:    [33m([0m
994: Punctuator:    [33m)[0m
995: Punctuator:    [33m;[0m
996: Punctuator:    [33m}[0m
997: Punctuator:    [33m;[0m
998: Keyword:       [34mreturn[0m
999: Identifier:    [96macc[0m
1000: Punctuator:    [33m;[0m
1001: Punctuator:    [33m}[0m
1002: Punctuator:    [33m;[0m
1003: Keyword:       [34mlet[0m
1004: Keyword:       [34mfloat[0m
1005: Identifier:    [96mtotal[0m
1006: Operator:      [37m=[0m
1007: Identifier:    [96msum_mag[0m
1008: Punctuator:    [33m([0m
1009: Identifier:    [96marr[0m
1010: Punctuator:    [33m)[0m
1011: Punctuator:    [33m;[0m
1012: Keyword:       [34mconst[0m
1013: Keyword:       [34mstring[0m
1014: Identifier:    [96mx[0m
1015: Operator:      [37m=[0m
1016: Keyword:       [34mif[0m
1017: Punctuator:    [33m([0m
1018: Identifier:    [96mtotal[0m
1019: Operator:      [37m-+[0m
1020: NumberLiteral: [35m100[0m
1021: Punctuator:    [33m)[0m
1022: Keyword:       [34mstring[0m
1023: Punctuator:    [33m{[0m
1024: Keyword:       [34mreturn[0m
1025: StringLiteral: [32m"small"[0m
1026: Punctuator:    [33m;[0m
1027: Punctuator:    [33m}[0m
1028: Keyword:       [34melse[0m
1029: Keyword:       [34mif[0m
1030: Punctuator:    [33m([0m
1031: Identifier:    [96mtotal[0m
1032: Operator:      [37m+-[0m
1033: NumberLiteral: [35m100[0m
1034: Punctuator:    [33m)[0m
1035: Keyword:       [34mstring[0m
1036: Punctuator:    [33m{[0m
1037: Keyword:       [34mreturn[0m
1038: StringLiteral: [32m"big"[0m
1039: Punctuator:    [33m;[0m
1040: Punctuator:    [33m}[0m
1041: Keyword:       [34melse[0m
1042: Keyword:       [34mstring[0m
1043: Punctuator:    [33m{[0m
1044: Keyword:       [34mreturn[0m
1045: StringLiteral: [32m"normal"[0m
1046: Punctuator:    [33m;[0m
1047: Punctuator:    [33m}[0m
1048: Punctuator:    [33m;[0m
1049: Keyword:       [34mconst[0m
1050: Keyword:       [34mint[0m
1051: Identifier:    [96msum[0m
1052: Operator:      [37m=[0m
1053: Keyword:       [34mfor[0m
1054: Punctuator:    [33m([0m
1055: Keyword:       [34mint[0m
1056: Identifier:    [96mi[0m
1057: Operator:      [37m=[0m
1058: NumberLiteral: [35m0[0m
1059: Punctuator:    [33m;[0m
1060: Identifier:    [96mi[0m
1061: Operator:      [37m-+[0m
1062: Identifier:    [96mtotal[0m
1063: Punctuator:    [33m;[0m
1064: Identifier:    [96mi[0m
1065: Operator:      [37m++[0m
1066: Punctuator:    [33m;[0m
1067: Keyword:       [34mint[0m
1068: Identifier:    [96mres[0m
1069: Operator:      [37m=[0m
1070: NumberLiteral: [35m0[0m
1071: Punctuator:    [33m)[0m
1072: Keyword:       [34mint[0m
1073: Punctuator:    [33m{[0m
1074: Identifier:    [96mres[0m
1075: Operator:      [37m+=[0m
1076: Identifier:    [96mi[0m
1077: Punctuator:    [33m;[0m
1078: Punctuator:    [33m}[0m
1079: Operator:      [37m+[0m
1080: Identifier:    [96mtotal[0m
1081: Punctuator:    [33m;[0m
1082: Keyword:       [34mlet[0m
1083: Keyword:       [34mint[0m
1084: Identifier:    [96mcount[0m
1085: Operator:      [37m=[0m
1086: NumberLiteral: [35m0[0m
1087: Punctuator:    [33m;[0m
1088: Keyword:       [34mdo[0m
1089: Identifier:    [96mlabel[0m
1090: Operator:      [37m:[0m
1091: Punctuator:    [33m{[0m
1092: Identifier:    [96mConsole[0m
1093: Operator:      [37m::[0m
1094: Identifier:    [96mlog[0m
1095: Punctuator:    [33m([0m
1096: StringLiteral: [32m"do-while test"[0m
1097: Punctuator:    [33m)[0m
1098: Punctuator:    [33m;[0m
1099: Keyword:       [34mif[0m
1100: Punctuator:    [33m([0m
1101: Identifier:    [96mcount[0m
1102: Operator:      [37m+-[0m
1103: NumberLiteral: [35m37[0m
1104: Punctuator:    [33m)[0m
1105: Operator:      [37m->[0m
1106: Keyword:       [34mbreak[0m
1107: Identifier:    [96mlabel[0m
1108: Punctuator:    [33m;[0m
1109: Identifier:    [96mcount[0m
1110: Operator:      [37m++[0m
1111: Punctuator:    [33m;[0m
1112: Punctuator:    [33m}[0m
1113: Keyword:       [34mwhile[0m
1114: Punctuator:    [33m([0m
1115: Keyword:       [34mtrue[0m
1116: Punctuator:    [33m)[0m
1117: Punctuator:    [33m;[0m
1118: Keyword:       [34mconst[0m
1119: Keyword:       [34mint[0m
1120: Identifier:    [96my[0m
1121: Operator:      [37m=[0m
1122: Keyword:       [34mif[0m
1123: Punctuator:    [33m([0m
1124: Identifier:    [96mthat[0m
1125: Punctuator:    [33m)[0m
1126: Keyword:       [34mint[0m
1127: Operator:      [37m=>[0m
1128: NumberLiteral: [35m1[0m
1129: Keyword:       [34melse[0m
1130: Keyword:       [34mif[0m
1131: Punctuator:    [33m([0m
1132: Identifier:    [96mthose[0m
1133: Punctuator:    [33m)[0m
1134: Keyword:       [34mint[0m
1135: Operator:      [37m=>[0m
1136: NumberLiteral: [35m2[0m
1137: Keyword:       [34melse[0m
1138: Keyword:       [34mint[0m
1139: Operator:      [37m=>[0m
1140: NumberLiteral: [35m3[0m
1141: Punctuator:    [33m;[0m
1142: Keyword:       [34mconst[0m
1143: Keyword:       [34mint[0m
1144: Punctuator:    [33m([0m
1145: NumberLiteral: [35m4[0m
1146: Punctuator:    [33m)[0m
1147: Identifier:    [96mtest[0m
1148: Operator:      [37m=[0m
1149: Operator:      [37m$[0m
1150: Punctuator:    [33m([0m
1151: NumberLiteral: [35m1[0m
1152: Punctuator:    [33m,[0m
1153: NumberLiteral: [35m2[0m
1154: Punctuator:    [33m,[0m
1155: NumberLiteral: [35m3[0m
1156: Punctuator:    [33m,[0m
1157: NumberLiteral: [35m4[0m
1158: Punctuator:    [33m)[0m
1159: Punctuator:    [33m;[0m
1160: Keyword:       [34mconst[0m
1161: Keyword:       [34mint[0m
1162: Punctuator:    [33m([0m
1163: NumberLiteral: [35m4[0m
1164: Punctuator:    [33m)[0m
1165: Identifier:    [96mtest2[0m
1166: Operator:      [37m=[0m
1167: Identifier:    [96mtest[0m
1168: Operator:      [37m+[0m
1169: NumberLiteral: [35m1[0m
1170: Punctuator:    [33m;[0m
1171: Keyword:       [34mconst[0m
1172: Keyword:       [34mint[0m
1173: Punctuator:    [33m([0m
1174: NumberLiteral: [35m3[0m
1175: Punctuator:    [33m)[0m
1176: Identifier:    [96mtest3[0m
1177: Operator:      [37m=[0m
1178: Operator:      [37m$[0m
1179: Punctuator:    [33m([0m
1180: NumberLiteral: [35m10[0m
1181: Punctuator:    [33m,[0m
1182: NumberLiteral: [35m220[0m
1183: Punctuator:    [33m,[0m
1184: NumberLiteral: [35m30[0m
1185: Punctuator:    [33m)[0m
1186: Operator:      [37m*[0m
1187: NumberLiteral: [35m30[0m
1188: Operator:      [37m+[0m
1189: NumberLiteral: [35m1[0m
1190: Punctuator:    [33m;[0m
1191: Keyword:       [34mfn[0m
1192: Identifier:    [96msorted[0m
1193: Punctuator:    [33m<[0m
1194: Identifier:    [96mT[0m
1195: Punctuator:    [33m>[0m
1196: Punctuator:    [33m([0m
1197: Identifier:    [96mT[0m
1198: Punctuator:    [33m([0m
1199: Punctuator:    [33m)[0m
1200: Identifier:    [96mtuple[0m
1201: Punctuator:    [33m,[0m
1202: Keyword:       [34mfn[0m
1203: Keyword:       [34mbool[0m
1204: Operator:      [37m-[0m
1205: Punctuator:    [33m([0m
1206: Identifier:    [96mT[0m
1207: Punctuator:    [33m,[0m
1208: Identifier:    [96mT[0m
1209: Punctuator:    [33m)[0m
1210: Identifier:    [96msorter[0m
1211: Punctuator:    [33m)[0m
1212: Identifier:    [96mT[0m
1213: Punctuator:    [33m([0m
1214: Punctuator:    [33m)[0m
1215: Punctuator:    [33m{[0m
1216: Keyword:       [34mconst[0m
1217: Keyword:       [34mint[0m
1218: Identifier:    [96mlength[0m
1219: Operator:      [37m=[0m
1220: Identifier:    [96mtuple[0m
1221: Operator:      [37m`[0m
1222: Operator:      [37m.[0m
1223: Identifier:    [96mlength[0m
1224: Punctuator:    [33m;[0m
1225: Keyword:       [34mlet[0m
1226: Identifier:    [96mT[0m
1227: Punctuator:    [33m[[0m
1228: Punctuator:    [33m][0m
1229: Identifier:    [96mresultArray[0m
1230: Operator:      [37m=[0m
1231: Punctuator:    [33m[[0m
1232: Punctuator:    [33m][0m
1233: Punctuator:    [33m;[0m
1234: Keyword:       [34mfor[0m
1235: Punctuator:    [33m([0m
1236: Keyword:       [34mint[0m
1237: Identifier:    [96mi[0m
1238: Operator:      [37m=[0m
1239: NumberLiteral: [35m0[0m
1240: Punctuator:    [33m;[0m
1241: Identifier:    [96mi[0m
1242: Operator:      [37m-+[0m
1243: Identifier:    [96mlength[0m
1244: Punctuator:    [33m;[0m
1245: Identifier:    [96mi[0m
1246: Operator:      [37m++[0m
1247: Punctuator:    [33m)[0m
1248: Punctuator:    [33m{[0m
1249: Keyword:       [34mfor[0m
1250: Punctuator:    [33m([0m
1251: Keyword:       [34mint[0m
1252: Identifier:    [96mj[0m
1253: Operator:      [37m=[0m
1254: Identifier:    [96mi[0m
1255: Punctuator:    [33m;[0m
1256: Identifier:    [96mj[0m
1257: Operator:      [37m-+[0m
1258: Identifier:    [96mlength[0m
1259: Punctuator:    [33m;[0m
1260: Identifier:    [96mj[0m
1261: Operator:      [37m++[0m
1262: Punctuator:    [33m)[0m
1263: Punctuator:    [33m{[0m
1264: Keyword:       [34mif[0m
1265: Punctuator:    [33m([0m
1266: Identifier:    [96msorter[0m
1267: Punctuator:    [33m([0m
1268: Punctuator:    [33m([0m
1269: Identifier:    [96mtuple[0m
1270: Operator:      [37m`[0m
1271: Punctuator:    [33m)[0m
1272: Punctuator:    [33m[[0m
1273: Identifier:    [96mj[0m
1274: Punctuator:    [33m][0m
1275: Punctuator:    [33m,[0m
1276: Punctuator:    [33m([0m
1277: Identifier:    [96mtuple[0m
1278: Operator:      [37m`[0m
1279: Punctuator:    [33m)[0m
1280: Punctuator:    [33m[[0m
1281: Identifier:    [96mj[0m
1282: Operator:      [37m+[0m
1283: NumberLiteral: [35m1[0m
1284: Punctuator:    [33m][0m
1285: Punctuator:    [33m)[0m
1286: Punctuator:    [33m)[0m
1287: Punctuator:    [33m{[0m
1288: Identifier:    [96mresultArray[0m
1289: Operator:      [37m.[0m
1290: Identifier:    [96mpush_back[0m
1291: Punctuator:    [33m([0m
1292: Punctuator:    [33m([0m
1293: Identifier:    [96mtuple[0m
1294: Operator:      [37m`[0m
1295: Punctuator:    [33m)[0m
1296: Punctuator:    [33m[[0m
1297: Identifier:    [96mj[0m
1298: Punctuator:    [33m][0m
1299: Punctuator:    [33m)[0m
1300: Punctuator:    [33m;[0m
1301: Punctuator:    [33m}[0m
1302: Punctuator:    [33m;[0m
1303: Punctuator:    [33m}[0m
1304: Punctuator:    [33m;[0m
1305: Punctuator:    [33m}[0m
1306: Punctuator:    [33m;[0m
1307: Keyword:       [34mreturn[0m
1308: Punctuator:    [33m{[0m
1309: Identifier:    [96mT[0m
1310: Punctuator:    [33m([0m
1311: Punctuator:    [33m)[0m
1312: Punctuator:    [33m}[0m
1313: Identifier:    [96mresultArray[0m
1314: Punctuator:    [33m;[0m
1315: Punctuator:    [33m}[0m
1316: Punctuator:    [33m;[0m
1317: Keyword:       [34mconst[0m
1318: Keyword:       [34mint[0m
1319: Punctuator:    [33m([0m
1320: NumberLiteral: [35m3[0m
1321: Punctuator:    [33m)[0m
1322: Identifier:    [96msortedTuple[0m
1323: Operator:      [37m=[0m
1324: Identifier:    [96msorted[0m
1325: Punctuator:    [33m<[0m
1326: Keyword:       [34mint[0m
1327: Punctuator:    [33m>[0m
1328: Punctuator:    [33m([0m
1329: Identifier:    [96mtest3[0m
1330: Punctuator:    [33m,[0m
1331: Keyword:       [34mfn[0m
1332: Punctuator:    [33m([0m
1333: Keyword:       [34mint[0m
1334: Identifier:    [96ma[0m
1335: Punctuator:    [33m,[0m
1336: Keyword:       [34mint[0m
1337: Identifier:    [96mb[0m
1338: Punctuator:    [33m)[0m
1339: Keyword:       [34mbool[0m
1340: Operator:      [37m=>[0m
1341: Identifier:    [96ma[0m
1342: Operator:      [37m-+[0m
1343: Identifier:    [96mb[0m
1344: Punctuator:    [33m)[0m
1345: Punctuator:    [33m;[0m
1346: Keyword:       [34mfor[0m
1347: Punctuator:    [33m([0m
1348: Operator:      [37m`[0m
1349: Keyword:       [34mint[0m
1350: Identifier:    [96mx[0m
1351: Operator:      [37m:[0m
1352: Identifier:    [96msortedTuple[0m
1353: Punctuator:    [33m)[0m
1354: Identifier:    [96mlabel[0m
1355: Operator:      [37m:[0m
1356: Punctuator:    [33m{[0m
1357: Identifier:    [96mConsole[0m
1358: Operator:      [37m::[0m
1359: Identifier:    [96mlog[0m
1360: Punctuator:    [33m<[0m
1361: Keyword:       [34mint[0m
1362: Punctuator:    [33m>[0m
1363: Punctuator:    [33m([0m
1364: Identifier:    [96mx[0m
1365: Punctuator:    [33m)[0m
1366: Punctuator:    [33m;[0m
1367: Punctuator:    [33m}[0m
1368: Punctuator:    [33m;[0m
1369: Keyword:       [34mswitch[0m
1370: Punctuator:    [33m([0m
1371: Identifier:    [96mTokenType[0m
1372: Punctuator:    [33m)[0m
1373: Punctuator:    [33m{[0m
1374: Keyword:       [34mcase[0m
1375: Identifier:    [96mNumber[0m
1376: Punctuator:    [33m,[0m
1377: Identifier:    [96mLiteral[0m
1378: Operator:      [37m:[0m
1379: Identifier:    [96mdoSomethingWithTbN_L[0m
1380: Punctuator:    [33m([0m
1381: StringLiteral: [32m"nothing"[0m
1382: Punctuator:    [33m)[0m
1383: Punctuator:    [33m;[0m
1384: Identifier:    [96mdoSomethingWithTbN_L[0m
1385: Punctuator:    [33m([0m
1386: StringLiteral: [32m"nothing"[0m
1387: Punctuator:    [33m)[0m
1388: Punctuator:    [33m;[0m
1389: Keyword:       [34mconst[0m
1390: Keyword:       [34mint[0m
1391: Identifier:    [96mx[0m
1392: Operator:      [37m=[0m
1393: Keyword:       [34mnew[0m
1394: Identifier:    [96mSome[0m
1395: Punctuator:    [33m([0m
1396: Punctuator:    [33m)[0m
1397: Punctuator:    [33m;[0m
1398: Keyword:       [34mcase[0m
1399: NumberLiteral: [35m2[0m
1400: Punctuator:    [33m,[0m
1401: Identifier:    [96mThat[0m
1402: Operator:      [37m:[0m
1403: Identifier:    [96mdoSomethingWithTbN_L[0m
1404: Punctuator:    [33m([0m
1405: StringLiteral: [32m"nothing"[0m
1406: Punctuator:    [33m)[0m
1407: Punctuator:    [33m;[0m
1408: Identifier:    [96mdoSomethingWithTbN_L[0m
1409: Punctuator:    [33m([0m
1410: StringLiteral: [32m"nothing"[0m
1411: Punctuator:    [33m)[0m
1412: Punctuator:    [33m;[0m
1413: Keyword:       [34mconst[0m
1414: Keyword:       [34mint[0m
1415: Identifier:    [96mx[0m
1416: Operator:      [37m=[0m
1417: Keyword:       [34mnew[0m
1418: Identifier:    [96mSome[0m
1419: Punctuator:    [33m([0m
1420: Punctuator:    [33m)[0m
1421: Punctuator:    [33m;[0m
1422: Keyword:       [34mcase[0m
1423: NumberLiteral: [35m3[0m
1424: Operator:      [37m:[0m
1425: Identifier:    [96mdoSomethingWithTbN_L[0m
1426: Punctuator:    [33m([0m
1427: StringLiteral: [32m"nothing"[0m
1428: Punctuator:    [33m)[0m
1429: Punctuator:    [33m;[0m
1430: Identifier:    [96mdoSomethingWithTbN_L[0m
1431: Punctuator:    [33m([0m
1432: StringLiteral: [32m"nothing"[0m
1433: Punctuator:    [33m)[0m
1434: Punctuator:    [33m;[0m
1435: Keyword:       [34mconst[0m
1436: Keyword:       [34mint[0m
1437: Identifier:    [96mx[0m
1438: Operator:      [37m=[0m
1439: Keyword:       [34mnew[0m
1440: Identifier:    [96mSome[0m
1441: Operator:      [37m::[0m
1442: Identifier:    [96msame[0m
1443: Operator:      [37m::[0m
1444: Identifier:    [96msomeother[0m
1445: Punctuator:    [33m<[0m
1446: Keyword:       [34mint[0m
1447: Punctuator:    [33m>[0m
1448: Punctuator:    [33m([0m
1449: Punctuator:    [33m)[0m
1450: Punctuator:    [33m;[0m
1451: Keyword:       [34melse[0m
1452: Operator:      [37m:[0m
1453: Keyword:       [34mtype[0m
1454: Identifier:    [96mauto[0m
1455: Identifier:    [96mx[0m
1456: Operator:      [37m=[0m
1457: Keyword:       [34mnew[0m
1458: Identifier:    [96mWindow[0m
1459: Punctuator:    [33m([0m
1460: Operator:      [37m$[0m
1461: Identifier:    [96mtitle[0m
1462: Operator:      [37m=[0m
1463: StringLiteral: [32m"Main Window"[0m
1464: Punctuator:    [33m)[0m
1465: Punctuator:    [33m;[0m
1466: Punctuator:    [33m}[0m
1467: Punctuator:    [33m;[0m
1468: Keyword:       [34mconst[0m
1469: Identifier:    [96mthat[0m
1470: Identifier:    [96mdeath[0m
1471: Operator:      [37m=[0m
1472: Keyword:       [34mmatch[0m
1473: Punctuator:    [33m([0m
1474: Identifier:    [96mthose[0m
1475: Punctuator:    [33m)[0m
1476: Punctuator:    [33m{[0m
1477: NumberLiteral: [35m1[0m
1478: Punctuator:    [33m>[0m
1479: NumberLiteral: [35m120[0m
1480: Punctuator:    [33m,[0m
1481: NumberLiteral: [35m2[0m
1482: Punctuator:    [33m,[0m
1483: NumberLiteral: [35m100[0m
1484: Punctuator:    [33m>[0m
1485: NumberLiteral: [35m130[0m
1486: Punctuator:    [33m,[0m
1487: NumberLiteral: [35m3[0m
1488: Punctuator:    [33m>[0m
1489: NumberLiteral: [35m1e100[0m
1490: Punctuator:    [33m,[0m
1491: NumberLiteral: [35m1000[0m
1492: Punctuator:    [33m>[0m
1493: NumberLiteral: [35m0[0m
1494: Punctuator:    [33m,[0m
1495: NumberLiteral: [35m10[0m
1496: Punctuator:    [33m,[0m
1497: NumberLiteral: [35m20[0m
1498: Punctuator:    [33m,[0m
1499: NumberLiteral: [35m30[0m
1500: Punctuator:    [33m,[0m
1501: NumberLiteral: [35m40[0m
1502: Punctuator:    [33m,[0m
1503: NumberLiteral: [35m10000[0m
1504: Punctuator:    [33m>[0m
1505: Identifier:    [96mparseTruth[0m
1506: Punctuator:    [33m([0m
1507: Punctuator:    [33m)[0m
1508: Punctuator:    [33m,[0m
1509: Keyword:       [34melse[0m
1510: Punctuator:    [33m>[0m
1511: Identifier:    [96mNaN[0m
1512: Punctuator:    [33m}[0m
1513: Punctuator:    [33m;[0m
1514: Keyword:       [34mfn[0m
1515: Identifier:    [96mtestFunc[0m
1516: Punctuator:    [33m([0m
1517: Punctuator:    [33m)[0m
1518: Identifier:    [96mlabel[0m
1519: Operator:      [37m:[0m
1520: Keyword:       [34mint[0m
1521: Operator:      [37m$[0m
1522: Punctuator:    [33m{[0m
1523: Operator:      [37m%[0m
1524: Identifier:    [96mentry[0m
1525: Operator:      [37m:[0m
1526: Keyword:       [34mlet[0m
1527: Keyword:       [34mint[0m
1528: Identifier:    [96mx[0m
1529: Operator:      [37m=[0m
1530: Identifier:    [96mConsole[0m
1531: Operator:      [37m::[0m
1532: Identifier:    [96mget[0m
1533: Punctuator:    [33m<[0m
1534: Keyword:       [34mint[0m
1535: Punctuator:    [33m>[0m
1536: Punctuator:    [33m([0m
1537: StringLiteral: [32m"Enter: "[0m
1538: Punctuator:    [33m)[0m
1539: Punctuator:    [33m;[0m
1540: Identifier:    [96mx[0m
1541: Operator:      [37m++[0m
1542: Punctuator:    [33m;[0m
1543: Keyword:       [34mgoto[0m
1544: Identifier:    [96msecond[0m
1545: Punctuator:    [33m;[0m
1546: Operator:      [37m%[0m
1547: Identifier:    [96msecond[0m
1548: Operator:      [37m:[0m
1549: Keyword:       [34mlet[0m
1550: Keyword:       [34mint[0m
1551: Identifier:    [96my[0m
1552: Operator:      [37m=[0m
1553: Keyword:       [34mphi[0m
1554: Identifier:    [96mx[0m
1555: Keyword:       [34mfrom[0m
1556: Identifier:    [96mentry[0m
1557: Punctuator:    [33m,[0m
1558: Identifier:    [96my[0m
1559: Keyword:       [34mfrom[0m
1560: Identifier:    [96mthird[0m
1561: Punctuator:    [33m;[0m
1562: Identifier:    [96mConsole[0m
1563: Operator:      [37m::[0m
1564: Identifier:    [96mlog[0m
1565: Punctuator:    [33m([0m
1566: Punctuator:    [33m{[0m
1567: Keyword:       [34mstring[0m
1568: Punctuator:    [33m}[0m
1569: Identifier:    [96my[0m
1570: Punctuator:    [33m)[0m
1571: Punctuator:    [33m;[0m
1572: Keyword:       [34mgoto[0m
1573: Identifier:    [96mthird[0m
1574: Punctuator:    [33m;[0m
1575: Operator:      [37m%[0m
1576: Identifier:    [96mthird[0m
1577: Operator:      [37m:[0m
1578: Keyword:       [34mlet[0m
1579: Keyword:       [34mint[0m
1580: Identifier:    [96my[0m
1581: Operator:      [37m=[0m
1582: Identifier:    [96mConsole[0m
1583: Operator:      [37m::[0m
1584: Identifier:    [96mget[0m
1585: Punctuator:    [33m<[0m
1586: Keyword:       [34mint[0m
1587: Punctuator:    [33m>[0m
1588: Punctuator:    [33m([0m
1589: StringLiteral: [32m"Type: "[0m
1590: Punctuator:    [33m)[0m
1591: Punctuator:    [33m;[0m
1592: Keyword:       [34mif[0m
1593: Punctuator:    [33m([0m
1594: Identifier:    [96my[0m
1595: Operator:      [37m-+[0m
1596: NumberLiteral: [35m10[0m
1597: Punctuator:    [33m)[0m
1598: Operator:      [37m->[0m
1599: Keyword:       [34mgoto[0m
1600: Identifier:    [96msecond[0m
1601: Punctuator:    [33m;[0m
1602: Keyword:       [34mreturn[0m
1603: Operator:      [37m:[0m
1604: Identifier:    [96mlabel[0m
1605: Identifier:    [96my[0m
1606: Punctuator:    [33m;[0m
1607: Punctuator:    [33m}[0m
1608: Punctuator:    [33m;[0m
1609: Keyword:       [34mif[0m
1610: Punctuator:    [33m([0m
1611: Keyword:       [34mtrue[0m
1612: Punctuator:    [33m)[0m
1613: Punctuator:    [33m{[0m
1614: Identifier:    [96mConsole[0m
1615: Operator:      [37m::[0m
1616: Identifier:    [96mlog[0m
1617: Punctuator:    [33m([0m
1618: StringLiteral: [32m"true is true"[0m
1619: Punctuator:    [33m)[0m
1620: Punctuator:    [33m;[0m
1621: Punctuator:    [33m}[0m
1622: Keyword:       [34melse[0m
1623: Keyword:       [34mif[0m
1624: Punctuator:    [33m([0m
1625: Identifier:    [96mflase[0m
1626: Punctuator:    [33m)[0m
1627: Punctuator:    [33m{[0m
1628: Identifier:    [96mConsole[0m
1629: Operator:      [37m::[0m
1630: Identifier:    [96mlog[0m
1631: Punctuator:    [33m([0m
1632: StringLiteral: [32m"Reality breaked at this point"[0m
1633: Punctuator:    [33m)[0m
1634: Punctuator:    [33m;[0m
1635: Punctuator:    [33m}[0m
1636: Keyword:       [34melse[0m
1637: Punctuator:    [33m{[0m
1638: Identifier:    [96mConsole[0m
1639: Operator:      [37m::[0m
1640: Identifier:    [96mlog[0m
1641: Punctuator:    [33m([0m
1642: StringLiteral: [32m"Normal"[0m
1643: Punctuator:    [33m)[0m
1644: Punctuator:    [33m;[0m
1645: Punctuator:    [33m}[0m
1646: Punctuator:    [33m;[0m
1647: Operator:      [37m$[0m
1648: Punctuator:    [33m{[0m
1649: Operator:      [37m%[0m
1650: Identifier:    [96msomething[0m
1651: Operator:      [37m:[0m
1652: Keyword:       [34msystem[0m
1653: Operator:      [37m::[0m
1654: Identifier:    [96mplace[0m
1655: Punctuator:    [33m([0m
1656: Keyword:       [34mnew[0m
1657: Identifier:    [96mBomb[0m
1658: Punctuator:    [33m([0m
1659: Operator:      [37m$[0m
1660: Identifier:    [96mweight[0m
1661: Operator:      [37m=[0m
1662: NumberLiteral: [35m1e1000[0m
1663: Punctuator:    [33m,[0m
1664: Operator:      [37m$[0m
1665: Punctuator:    [33m([0m
1666: NumberLiteral: [35m1[0m
1667: Punctuator:    [33m,[0m
1668: NumberLiteral: [35m2[0m
1669: Punctuator:    [33m)[0m
1670: Punctuator:    [33m)[0m
1671: Punctuator:    [33m)[0m
1672: Punctuator:    [33m;[0m
1673: Keyword:       [34msystem[0m
1674: Operator:      [37m::[0m
1675: Identifier:    [96mobjects[0m
1676: Operator:      [37m.[0m
1677: Identifier:    [96mfront[0m
1678: Punctuator:    [33m([0m
1679: Punctuator:    [33m)[0m
1680: Operator:      [37m.[0m
1681: Identifier:    [96mdetonate[0m
1682: Punctuator:    [33m([0m
1683: Operator:      [37m$[0m
1684: Identifier:    [96mtimer[0m
1685: Operator:      [37m=[0m
1686: NumberLiteral: [35m37s[0m
1687: Punctuator:    [33m)[0m
1688: Punctuator:    [33m;[0m
1689: Keyword:       [34mgoto[0m
1690: Identifier:    [96mevacuate[0m
1691: Punctuator:    [33m;[0m
1692: Operator:      [37m%[0m
1693: Identifier:    [96mevacuate[0m
1694: Operator:      [37m:[0m
1695: Identifier:    [96mConsole[0m
1696: Operator:      [37m::[0m
1697: Identifier:    [96mlog[0m
1698: Punctuator:    [33m([0m
1699: StringLiteral: [32m"Evacuate..!!!"[0m
1700: Punctuator:    [33m)[0m
1701: Punctuator:    [33m;[0m
1702: Keyword:       [34mgoto[0m
1703: Keyword:       [34mdefault[0m
1704: Punctuator:    [33m;[0m
1705: Punctuator:    [33m}[0m
1706: Punctuator:    [33m;[0m
1707: Keyword:       [34mif[0m
1708: Punctuator:    [33m([0m
1709: Keyword:       [34mtrue[0m
1710: Punctuator:    [33m)[0m
1711: Punctuator:    [33m{[0m
1712: Identifier:    [96mConsole[0m
1713: Operator:      [37m::[0m
1714: Identifier:    [96mlog[0m
1715: Punctuator:    [33m([0m
1716: StringLiteral: [32m"true is true"[0m
1717: Punctuator:    [33m)[0m
1718: Punctuator:    [33m;[0m
1719: Punctuator:    [33m}[0m
1720: Keyword:       [34melse[0m
1721: Keyword:       [34mif[0m
1722: Punctuator:    [33m([0m
1723: Keyword:       [34mfalse[0m
1724: Punctuator:    [33m)[0m
1725: Punctuator:    [33m{[0m
1726: Identifier:    [96mConsole[0m
1727: Operator:      [37m::[0m
1728: Identifier:    [96mlog[0m
1729: Punctuator:    [33m([0m
1730: StringLiteral: [32m"Reality breaked at this point"[0m
1731: Punctuator:    [33m)[0m
1732: Punctuator:    [33m;[0m
1733: Punctuator:    [33m}[0m
1734: Keyword:       [34melse[0m
1735: Punctuator:    [33m{[0m
1736: Keyword:       [34minit[0m
1737: Keyword:       [34mint[0m
1738: Punctuator:    [33m[[0m
1739: NumberLiteral: [35m4[0m
1740: Punctuator:    [33m][0m
1741: Punctuator:    [33m[[0m
1742: NumberLiteral: [35m4[0m
1743: Punctuator:    [33m][0m
1744: Identifier:    [96mboard[0m
1745: Punctuator:    [33m;[0m
1746: Keyword:       [34minit[0m
1747: Keyword:       [34mint[0m
1748: Punctuator:    [33m[[0m
1749: NumberLiteral: [35m4[0m
1750: Punctuator:    [33m][0m
1751: Punctuator:    [33m[[0m
1752: NumberLiteral: [35m4[0m
1753: Punctuator:    [33m][0m
1754: Identifier:    [96mboard2[0m
1755: Operator:      [37m=[0m
1756: Punctuator:    [33m[[0m
1757: Punctuator:    [33m[[0m
1758: NumberLiteral: [35m0[0m
1759: Punctuator:    [33m,[0m
1760: NumberLiteral: [35m0[0m
1761: Punctuator:    [33m,[0m
1762: NumberLiteral: [35m0[0m
1763: Punctuator:    [33m,[0m
1764: NumberLiteral: [35m0[0m
1765: Punctuator:    [33m][0m
1766: Punctuator:    [33m,[0m
1767: Punctuator:    [33m[[0m
1768: NumberLiteral: [35m0[0m
1769: Punctuator:    [33m,[0m
1770: NumberLiteral: [35m0[0m
1771: Punctuator:    [33m,[0m
1772: NumberLiteral: [35m0[0m
1773: Punctuator:    [33m,[0m
1774: NumberLiteral: [35m0[0m
1775: Punctuator:    [33m][0m
1776: Punctuator:    [33m,[0m
1777: Punctuator:    [33m[[0m
1778: NumberLiteral: [35m0[0m
1779: Punctuator:    [33m,[0m
1780: NumberLiteral: [35m0[0m
1781: Punctuator:    [33m,[0m
1782: NumberLiteral: [35m0[0m
1783: Punctuator:    [33m,[0m
1784: NumberLiteral: [35m0[0m
1785: Punctuator:    [33m][0m
1786: Punctuator:    [33m,[0m
1787: Punctuator:    [33m[[0m
1788: NumberLiteral: [35m0[0m
1789: Punctuator:    [33m,[0m
1790: NumberLiteral: [35m0[0m
1791: Punctuator:    [33m,[0m
1792: NumberLiteral: [35m0[0m
1793: Punctuator:    [33m,[0m
1794: NumberLiteral: [35m0[0m
1795: Punctuator:    [33m][0m
1796: Punctuator:    [33m][0m
1797: Punctuator:    [33m;[0m
1798: Identifier:    [96mConsole[0m
1799: Operator:      [37m::[0m
1800: Identifier:    [96mlog[0m
1801: Punctuator:    [33m([0m
1802: StringLiteral: [32m"Abnormal"[0m
1803: Punctuator:    [33m)[0m
1804: Punctuator:    [33m;[0m
1805: Punctuator:    [33m}[0m
1806: Punctuator:    [33m;[0m


Tokenization complete! in 0.964992ms for 1806 tokens.


AST Production Started..


doing header
Uncaught Token Error: Expected a token of 
type: Identifier	 - instead got -> Punctuator: (   at 1665
id: 77588989797


File()
|   Header(main)
|   |   ImportNode()
|   |   |   Literal(Math)
|   |   |   Literal(Math)
|   |   ImportNode()
|   |   |   Literal(Tool)
|   |   |   Literal(T)


